[0.014s] Invoking command in '/home/ivan/ros2_ws_2501/build/f112th_sim_2501_alpha': CMAKE_PREFIX_PATH=${CMAKE_PREFIX_PATH}:/home/ivan/ros2_ws_2501/install/joy_tester:/opt/ros/humble /usr/bin/cmake --build /home/ivan/ros2_ws_2501/build/f112th_sim_2501_alpha -- -j12 -l12
[0.057s] [ 50%] [32mBuilding CXX object CMakeFiles/laser_scan_reader.dir/src/laser_scan_reader.cpp.o[0m
[2.180s] [01m[K/home/ivan/ros2_ws_2501/src/f112th_sim_2501_alpha/src/laser_scan_reader.cpp:120:2:[m[K [01;31m[Kerror: [m[Kexpected â€˜[01m[K}[m[Kâ€™ at end of input
[2.180s]   120 | }
[2.180s]       |  [01;31m[K^[m[K
[2.180s] [01m[K/home/ivan/ros2_ws_2501/src/f112th_sim_2501_alpha/src/laser_scan_reader.cpp:6:1:[m[K [01;36m[Knote: [m[Kto match this â€˜[01m[K{[m[Kâ€™
[2.180s]     6 | [01;36m[K{[m[K
[2.180s]       | [01;36m[K^[m[K
[2.188s] [01m[K/home/ivan/ros2_ws_2501/src/f112th_sim_2501_alpha/src/laser_scan_reader.cpp:[m[K In constructor â€˜[01m[KLaserBrakeNode::LaserBrakeNode()[m[Kâ€™:
[2.188s] [01m[K/home/ivan/ros2_ws_2501/src/f112th_sim_2501_alpha/src/laser_scan_reader.cpp:11:9:[m[K [01;31m[Kerror: [m[Kâ€˜[01m[Klaser_subscription_[m[Kâ€™ was not declared in this scope; did you mean â€˜[01m[Kcreate_subscription[m[Kâ€™?
[2.188s]    11 |         [01;31m[Klaser_subscription_[m[K = this->create_subscription<sensor_msgs::msg::LaserScan>(
[2.188s]       |         [01;31m[K^~~~~~~~~~~~~~~~~~~[m[K
[2.188s]       |         [32m[Kcreate_subscription[m[K
[2.238s] [01m[K/home/ivan/ros2_ws_2501/src/f112th_sim_2501_alpha/src/laser_scan_reader.cpp:16:9:[m[K [01;31m[Kerror: [m[Kâ€˜[01m[Kcmd_vel_subscription_[m[Kâ€™ was not declared in this scope; did you mean â€˜[01m[Kcreate_subscription[m[Kâ€™?
[2.238s]    16 |         [01;31m[Kcmd_vel_subscription_[m[K = this->create_subscription<geometry_msgs::msg::Twist>(
[2.238s]       |         [01;31m[K^~~~~~~~~~~~~~~~~~~~~[m[K
[2.238s]       |         [32m[Kcreate_subscription[m[K
[2.239s] [01m[K/home/ivan/ros2_ws_2501/src/f112th_sim_2501_alpha/src/laser_scan_reader.cpp:18:40:[m[K [01;31m[Kerror: [m[Kâ€˜[01m[KcmdVelCallback[m[Kâ€™ is not a member of â€˜[01m[KLaserBrakeNode[m[Kâ€™
[2.239s]    18 |             std::bind(&LaserBrakeNode::[01;31m[KcmdVelCallback[m[K, this, std::placeholders::_1));
[2.239s]       |                                        [01;31m[K^~~~~~~~~~~~~~[m[K
[2.244s] [01m[K/home/ivan/ros2_ws_2501/src/f112th_sim_2501_alpha/src/laser_scan_reader.cpp:21:9:[m[K [01;31m[Kerror: [m[Kâ€˜[01m[Kbrake_publisher_[m[Kâ€™ was not declared in this scope; did you mean â€˜[01m[Kcreate_publisher[m[Kâ€™?
[2.244s]    21 |         [01;31m[Kbrake_publisher_[m[K = this->create_publisher<geometry_msgs::msg::Twist>("/cmd_vel_break", 10);
[2.244s]       |         [01;31m[K^~~~~~~~~~~~~~~~[m[K
[2.244s]       |         [32m[Kcreate_publisher[m[K
[2.254s] [01m[K/home/ivan/ros2_ws_2501/src/f112th_sim_2501_alpha/src/laser_scan_reader.cpp:24:9:[m[K [01;31m[Kerror: [m[Kâ€˜[01m[Kttc_threshold_[m[Kâ€™ was not declared in this scope
[2.254s]    24 |         [01;31m[Kttc_threshold_[m[K = 0.02;
[2.254s]       |         [01;31m[K^~~~~~~~~~~~~~[m[K
[2.262s] [01m[K/home/ivan/ros2_ws_2501/src/f112th_sim_2501_alpha/src/laser_scan_reader.cpp:25:9:[m[K [01;31m[Kerror: [m[Kâ€˜[01m[Kcurrent_velocity_[m[Kâ€™ was not declared in this scope
[2.262s]    25 |         [01;31m[Kcurrent_velocity_[m[K = 0.0;  // Inicializamos la velocidad en 0
[2.262s]       |         [01;31m[K^~~~~~~~~~~~~~~~~[m[K
[2.274s] [01m[K/home/ivan/ros2_ws_2501/src/f112th_sim_2501_alpha/src/laser_scan_reader.cpp:[m[K In member function â€˜[01m[Kvoid LaserBrakeNode::laserCallback(sensor_msgs::msg::LaserScan_<std::allocator<void> >::SharedPtr)[m[Kâ€™:
[2.274s] [01m[K/home/ivan/ros2_ws_2501/src/f112th_sim_2501_alpha/src/laser_scan_reader.cpp:64:17:[m[K [01;31m[Kerror: [m[Kâ€˜[01m[Kcurrent_velocity_[m[Kâ€™ was not declared in this scope
[2.274s]    64 |             if ([01;31m[Kcurrent_velocity_[m[K != 0.0)
[2.274s]       |                 [01;31m[K^~~~~~~~~~~~~~~~~[m[K
[2.281s] [01m[K/home/ivan/ros2_ws_2501/src/f112th_sim_2501_alpha/src/laser_scan_reader.cpp:80:31:[m[K [01;31m[Kerror: [m[Kâ€˜[01m[Kttc_threshold_[m[Kâ€™ was not declared in this scope
[2.281s]    80 |                     if (ttc < [01;31m[Kttc_threshold_[m[K)
[2.281s]       |                               [01;31m[K^~~~~~~~~~~~~~[m[K
[2.287s] [01m[K/home/ivan/ros2_ws_2501/src/f112th_sim_2501_alpha/src/laser_scan_reader.cpp:85:25:[m[K [01;31m[Kerror: [m[Kâ€˜[01m[Kbrake_publisher_[m[Kâ€™ was not declared in this scope; did you mean â€˜[01m[Kcreate_publisher[m[Kâ€™?
[2.288s]    85 |                         [01;31m[Kbrake_publisher_[m[K->publish(brake_cmd);
[2.288s]       |                         [01;31m[K^~~~~~~~~~~~~~~~[m[K
[2.288s]       |                         [32m[Kcreate_publisher[m[K
[2.288s] [01m[K/home/ivan/ros2_ws_2501/src/f112th_sim_2501_alpha/src/laser_scan_reader.cpp:101:5:[m[K [01;31m[Kerror: [m[Ka function-definition is not allowed here before â€˜[01m[K{[m[Kâ€™ token
[2.288s]   101 |     [01;31m[K{[m[K
[2.288s]       |     [01;31m[K^[m[K
[2.325s] [01m[K/home/ivan/ros2_ws_2501/src/f112th_sim_2501_alpha/src/laser_scan_reader.cpp:110:11:[m[K [01;35m[Kwarning: [m[Kunused variable â€˜[01m[Kcurrent_velocity_[m[Kâ€™ [[01;35m[K]8;;https://gcc.gnu.org/onlinedocs/gcc/Warning-Options.html#index-Wunused-variable-Wunused-variable]8;;[m[K]
[2.325s]   110 |     float [01;35m[Kcurrent_velocity_[m[K;
[2.325s]       |           [01;35m[K^~~~~~~~~~~~~~~~~[m[K
[2.326s] [01m[K/home/ivan/ros2_ws_2501/src/f112th_sim_2501_alpha/src/laser_scan_reader.cpp:111:11:[m[K [01;35m[Kwarning: [m[Kunused variable â€˜[01m[Kttc_threshold_[m[Kâ€™ [[01;35m[K]8;;https://gcc.gnu.org/onlinedocs/gcc/Warning-Options.html#index-Wunused-variable-Wunused-variable]8;;[m[K]
[2.326s]   111 |     float [01;35m[Kttc_threshold_[m[K;
[2.326s]       |           [01;35m[K^~~~~~~~~~~~~~[m[K
[2.329s] [01m[K/home/ivan/ros2_ws_2501/src/f112th_sim_2501_alpha/src/laser_scan_reader.cpp:[m[K At global scope:
[2.329s] [01m[K/home/ivan/ros2_ws_2501/src/f112th_sim_2501_alpha/src/laser_scan_reader.cpp:120:2:[m[K [01;31m[Kerror: [m[Kexpected unqualified-id at end of input
[2.329s]   120 | }
[2.329s]       |  [01;31m[K^[m[K
[4.341s] gmake[2]: *** [CMakeFiles/laser_scan_reader.dir/build.make:76: CMakeFiles/laser_scan_reader.dir/src/laser_scan_reader.cpp.o] Error 1
[4.341s] gmake[1]: *** [CMakeFiles/Makefile2:137: CMakeFiles/laser_scan_reader.dir/all] Error 2
[4.341s] gmake: *** [Makefile:146: all] Error 2
[4.343s] Invoked command in '/home/ivan/ros2_ws_2501/build/f112th_sim_2501_alpha' returned '2': CMAKE_PREFIX_PATH=${CMAKE_PREFIX_PATH}:/home/ivan/ros2_ws_2501/install/joy_tester:/opt/ros/humble /usr/bin/cmake --build /home/ivan/ros2_ws_2501/build/f112th_sim_2501_alpha -- -j12 -l12
